<?xml version="1.0" encoding="UTF-8"?>
<testng-results ignored="0" total="3" passed="3" failed="0" skipped="0">
  <reporter-output>
    <line>
      <![CDATA[this is Test3]]>
    </line>
    <line>
      <![CDATA[this is test 2]]>
    </line>
    <line>
      <![CDATA[this is Test1]]>
    </line>
  </reporter-output>
  <suite started-at="2023-07-18T14:31:35 IST" name="Suite" finished-at="2023-07-18T14:32:07 IST" duration-ms="31770">
    <groups>
    </groups>
    <test started-at="2023-07-18T14:31:35 IST" name="Test" finished-at="2023-07-18T14:32:07 IST" duration-ms="31770">
      <class name="TestngExecution.Test3">
        <test-method signature="test3_method()[pri:0, instance:TestngExecution.Test3@3012646b]" started-at="2023-07-18T14:31:35 IST" name="test3_method" finished-at="2023-07-18T14:31:43 IST" duration-ms="7969" status="PASS">
          <reporter-output>
            <line>
              <![CDATA[this is Test3]]>
            </line>
          </reporter-output>
        </test-method> <!-- test3_method -->
      </class> <!-- TestngExecution.Test3 -->
      <class name="TestngExecution.Test2">
        <test-method signature="test2_method()[pri:0, instance:TestngExecution.Test2@771a660]" started-at="2023-07-18T14:31:35 IST" name="test2_method" finished-at="2023-07-18T14:31:47 IST" duration-ms="11417" status="PASS">
          <reporter-output>
            <line>
              <![CDATA[this is test 2]]>
            </line>
          </reporter-output>
        </test-method> <!-- test2_method -->
      </class> <!-- TestngExecution.Test2 -->
      <class name="TestngExecution.Test1">
        <test-method signature="test1_method()[pri:0, instance:TestngExecution.Test1@52719fb6]" started-at="2023-07-18T14:31:35 IST" name="test1_method" finished-at="2023-07-18T14:32:07 IST" duration-ms="31691" status="PASS">
          <reporter-output>
            <line>
              <![CDATA[this is Test1]]>
            </line>
          </reporter-output>
        </test-method> <!-- test1_method -->
      </class> <!-- TestngExecution.Test1 -->
    </test> <!-- Test -->
  </suite> <!-- Suite -->
</testng-results>
