<?xml version="1.0" encoding="UTF-8"?>
<!-- Generated by org.testng.reporters.JUnitXMLReporter -->
<testsuite ignored="0" hostname="LAPTOP-K938CU7E" failures="0" tests="3" name="Test" time="31.77" errors="0" timestamp="2023-07-18T14:32:07 IST">
  <testcase classname="TestngExecution.Test3" name="test3_method" time="7.969"/>
  <testcase classname="TestngExecution.Test2" name="test2_method" time="11.417"/>
  <testcase classname="TestngExecution.Test1" name="test1_method" time="31.691"/>
</testsuite> <!-- Test -->
